# JRE version: Java(TM) SE Runtime Environment (7.0_67-b01) (build 1.7.0_67-b01)
# Java VM: Java HotSpot(TM) Server VM (24.65-b04 mixed mode linux-x86 )
Heap
 PSYoungGen      total 72192K, used 7423K [0x9dfc0000, 0xa2e40000, 0xb3540000)
  eden space 64768K, 0% used [0x9dfc0000,0x9dfc0000,0xa1f00000)
  from space 7424K, 99% used [0xa1f00000,0xa263fd78,0xa2640000)
  to   space 6656K, 0% used [0xa2640000,0xa2640000,0xa2cc0000)
 ParOldGen       total 22016K, used 21857K [0x73540000, 0x74ac0000, 0x9dfc0000)
  object space 22016K, 99% used [0x73540000,0x74a98698,0x74ac0000)
 PSPermGen       total 16384K, used 3734K [0x6f540000, 0x70540000, 0x73540000)
  object space 16384K, 22% used [0x6f540000,0x6f8e5b58,0x70540000)
GC Heap History (10 events):
Event: 4,858 GC heap after
Heap after GC invocations=2 (full 0):
 PSYoungGen      total 17664K, used 1272K [0x9dfc0000, 0x9f240000, 0xb3540000)
  eden space 16384K, 0% used [0x9dfc0000,0x9dfc0000,0x9efc0000)
  from space 1280K, 99% used [0x9f100000,0x9f23e070,0x9f240000)
  to   space 1280K, 0% used [0x9efc0000,0x9efc0000,0x9f100000)
 ParOldGen       total 20992K, used 2828K [0x73540000, 0x749c0000, 0x9dfc0000)
  object space 20992K, 13% used [0x73540000,0x738032a0,0x749c0000)
 PSPermGen       total 16384K, used 3555K [0x6f540000, 0x70540000, 0x73540000)
  object space 16384K, 21% used [0x6f540000,0x6f8b8db0,0x70540000)
}
Event: 6,519 GC heap before
{Heap before GC invocations=3 (full 0):
 PSYoungGen      total 17664K, used 17656K [0x9dfc0000, 0x9f240000, 0xb3540000)
  eden space 16384K, 100% used [0x9dfc0000,0x9efc0000,0x9efc0000)
  from space 1280K, 99% used [0x9f100000,0x9f23e070,0x9f240000)
  to   space 1280K, 0% used [0x9efc0000,0x9efc0000,0x9f100000)
 ParOldGen       total 20992K, used 2828K [0x73540000, 0x749c0000, 0x9dfc0000)
  object space 20992K, 13% used [0x73540000,0x738032a0,0x749c0000)
 PSPermGen       total 16384K, used 3649K [0x6f540000, 0x70540000, 0x73540000)
  object space 16384K, 22% used [0x6f540000,0x6f8d0628,0x70540000)
Event: 6,562 GC heap after
Heap after GC invocations=3 (full 0):
 PSYoungGen      total 17664K, used 1272K [0x9dfc0000, 0xa0240000, 0xb3540000)
  eden space 16384K, 0% used [0x9dfc0000,0x9dfc0000,0x9efc0000)
  from space 1280K, 99% used [0x9efc0000,0x9f0fe0f8,0x9f100000)
  to   space 1280K, 0% used [0xa0100000,0xa0100000,0xa0240000)
 ParOldGen       total 20992K, used 5733K [0x73540000, 0x749c0000, 0x9dfc0000)
  object space 20992K, 27% used [0x73540000,0x73ad9780,0x749c0000)
 PSPermGen       total 16384K, used 3649K [0x6f540000, 0x70540000, 0x73540000)
  object space 16384K, 22% used [0x6f540000,0x6f8d0628,0x70540000)
}
Event: 8,407 GC heap before
{Heap before GC invocations=4 (full 0):
 PSYoungGen      total 17664K, used 17656K [0x9dfc0000, 0xa0240000, 0xb3540000)
  eden space 16384K, 100% used [0x9dfc0000,0x9efc0000,0x9efc0000)
  from space 1280K, 99% used [0x9efc0000,0x9f0fe0f8,0x9f100000)
  to   space 1280K, 0% used [0xa0100000,0xa0100000,0xa0240000)
 ParOldGen       total 20992K, used 5733K [0x73540000, 0x749c0000, 0x9dfc0000)
  object space 20992K, 27% used [0x73540000,0x73ad9780,0x749c0000)
 PSPermGen       total 16384K, used 3673K [0x6f540000, 0x70540000, 0x73540000)
  object space 16384K, 22% used [0x6f540000,0x6f8d6568,0x70540000)
Event: 8,431 GC heap after
Heap after GC invocations=4 (full 0):
 PSYoungGen      total 34048K, used 1272K [0x9dfc0000, 0xa0240000, 0xb3540000)
  eden space 32768K, 0% used [0x9dfc0000,0x9dfc0000,0x9ffc0000)
  from space 1280K, 99% used [0xa0100000,0xa023e0f8,0xa0240000)
  to   space 1280K, 0% used [0x9ffc0000,0x9ffc0000,0xa0100000)
 ParOldGen       total 20992K, used 8455K [0x73540000, 0x749c0000, 0x9dfc0000)
  object space 20992K, 40% used [0x73540000,0x73d81c70,0x749c0000)
 PSPermGen       total 16384K, used 3673K [0x6f540000, 0x70540000, 0x73540000)
  object space 16384K, 22% used [0x6f540000,0x6f8d6568,0x70540000)
}
Event: 9,349 GC heap before
{Heap before GC invocations=5 (full 0):
 PSYoungGen      total 34048K, used 34040K [0x9dfc0000, 0xa0240000, 0xb3540000)
  eden space 32768K, 100% used [0x9dfc0000,0x9ffc0000,0x9ffc0000)
  from space 1280K, 99% used [0xa0100000,0xa023e0f8,0xa0240000)
  to   space 1280K, 0% used [0x9ffc0000,0x9ffc0000,0xa0100000)
 ParOldGen       total 20992K, used 8455K [0x73540000, 0x749c0000, 0x9dfc0000)
  object space 20992K, 40% used [0x73540000,0x73d81c70,0x749c0000)
 PSPermGen       total 16384K, used 3695K [0x6f540000, 0x70540000, 0x73540000)
  object space 16384K, 22% used [0x6f540000,0x6f8dbdc8,0x70540000)
Event: 9,410 GC heap after
Heap after GC invocations=5 (full 0):
 PSYoungGen      total 34048K, used 1278K [0x9dfc0000, 0xa2cc0000, 0xb3540000)
  eden space 32768K, 0% used [0x9dfc0000,0x9dfc0000,0x9ffc0000)
  from space 1280K, 99% used [0x9ffc0000,0xa00ff978,0xa0100000)
  to   space 6656K, 0% used [0xa2640000,0xa2640000,0xa2cc0000)
 ParOldGen       total 20992K, used 13640K [0x73540000, 0x749c0000, 0x9dfc0000)
  object space 20992K, 64% used [0x73540000,0x742923e8,0x749c0000)
 PSPermGen       total 16384K, used 3695K [0x6f540000, 0x70540000, 0x73540000)
  object space 16384K, 22% used [0x6f540000,0x6f8dbdc8,0x70540000)
}
Event: 10,364 GC heap before
{Heap before GC invocations=6 (full 0):
 PSYoungGen      total 34048K, used 34046K [0x9dfc0000, 0xa2cc0000, 0xb3540000)
  eden space 32768K, 100% used [0x9dfc0000,0x9ffc0000,0x9ffc0000)
  from space 1280K, 99% used [0x9ffc0000,0xa00ff978,0xa0100000)
  to   space 6656K, 0% used [0xa2640000,0xa2640000,0xa2cc0000)
 ParOldGen       total 20992K, used 13640K [0x73540000, 0x749c0000, 0x9dfc0000)
  object space 20992K, 64% used [0x73540000,0x742923e8,0x749c0000)
 PSPermGen       total 16384K, used 3707K [0x6f540000, 0x70540000, 0x73540000)
  object space 16384K, 22% used [0x6f540000,0x6f8deeb0,0x70540000)
Event: 10,405 GC heap after
Heap after GC invocations=6 (full 0):
 PSYoungGen      total 71424K, used 6352K [0x9dfc0000, 0xa2e40000, 0xb3540000)
  eden space 64768K, 0% used [0x9dfc0000,0x9dfc0000,0xa1f00000)
  from space 6656K, 95% used [0xa2640000,0xa2c741a8,0xa2cc0000)
  to   space 7424K, 0% used [0xa1f00000,0xa1f00000,0xa2640000)
 ParOldGen       total 20992K, used 13640K [0x73540000, 0x749c0000, 0x9dfc0000)
  object space 20992K, 64% used [0x73540000,0x742923e8,0x749c0000)
 PSPermGen       total 16384K, used 3707K [0x6f540000, 0x70540000, 0x73540000)
  object space 16384K, 22% used [0x6f540000,0x6f8deeb0,0x70540000)
}
Event: 15,828 GC heap before
{Heap before GC invocations=7 (full 0):
 PSYoungGen      total 71424K, used 71120K [0x9dfc0000, 0xa2e40000, 0xb3540000)
  eden space 64768K, 100% used [0x9dfc0000,0xa1f00000,0xa1f00000)
  from space 6656K, 95% used [0xa2640000,0xa2c741a8,0xa2cc0000)
  to   space 7424K, 0% used [0xa1f00000,0xa1f00000,0xa2640000)
 ParOldGen       total 20992K, used 13640K [0x73540000, 0x749c0000, 0x9dfc0000)
  object space 20992K, 64% used [0x73540000,0x742923e8,0x749c0000)
 PSPermGen       total 16384K, used 3734K [0x6f540000, 0x70540000, 0x73540000)
  object space 16384K, 22% used [0x6f540000,0x6f8e5b58,0x70540000)

