# JRE version: Java(TM) SE Runtime Environment (7.0_67-b01) (build 1.7.0_67-b01)
# Java VM: Java HotSpot(TM) Server VM (24.65-b04 mixed mode linux-x86 )
Heap
 PSYoungGen      total 233216K, used 28899K [0x9dfc0000, 0xb3040000, 0xb3540000)
  eden space 130048K, 0% used [0x9dfc0000,0x9dfc0000,0xa5ec0000)
  from space 103168K, 28% used [0xacb80000,0xae7b8df8,0xb3040000)
  to   space 107264K, 0% used [0xa5ec0000,0xa5ec0000,0xac780000)
 ParOldGen       total 203520K, used 203269K [0x73540000, 0x7fc00000, 0x9dfc0000)
  object space 203520K, 99% used [0x73540000,0x7fbc1750,0x7fc00000)
 PSPermGen       total 16384K, used 3813K [0x6f540000, 0x70540000, 0x73540000)
  object space 16384K, 23% used [0x6f540000,0x6f8f9590,0x70540000)
GC Heap History (10 events):
Event: 47,673 GC heap after
Heap after GC invocations=35 (full 6):
 PSYoungGen      total 241920K, used 80625K [0x9dfc0000, 0xb3540000, 0xb3540000)
  eden space 152320K, 0% used [0x9dfc0000,0x9dfc0000,0xa7480000)
  from space 89600K, 89% used [0xa7480000,0xac33c450,0xacc00000)
  to   space 100864K, 0% used [0xad2c0000,0xad2c0000,0xb3540000)
 ParOldGen       total 131328K, used 96337K [0x73540000, 0x7b580000, 0x9dfc0000)
  object space 131328K, 73% used [0x73540000,0x79354720,0x7b580000)
 PSPermGen       total 16384K, used 3799K [0x6f540000, 0x70540000, 0x73540000)
  object space 16384K, 23% used [0x6f540000,0x6f8f5ee8,0x70540000)
}
Event: 49,362 GC heap before
{Heap before GC invocations=36 (full 6):
 PSYoungGen      total 241920K, used 232945K [0x9dfc0000, 0xb3540000, 0xb3540000)
  eden space 152320K, 100% used [0x9dfc0000,0xa7480000,0xa7480000)
  from space 89600K, 89% used [0xa7480000,0xac33c450,0xacc00000)
  to   space 100864K, 0% used [0xad2c0000,0xad2c0000,0xb3540000)
 ParOldGen       total 131328K, used 96337K [0x73540000, 0x7b580000, 0x9dfc0000)
  object space 131328K, 73% used [0x73540000,0x79354720,0x7b580000)
 PSPermGen       total 16384K, used 3811K [0x6f540000, 0x70540000, 0x73540000)
  object space 16384K, 23% used [0x6f540000,0x6f8f8c48,0x70540000)
Event: 49,740 GC heap after
Heap after GC invocations=36 (full 6):
 PSYoungGen      total 227840K, used 85173K [0x9dfc0000, 0xb3540000, 0xb3540000)
  eden space 126976K, 0% used [0x9dfc0000,0x9dfc0000,0xa5bc0000)
  from space 100864K, 84% used [0xad2c0000,0xb25ed668,0xb3540000)
  to   space 111360K, 0% used [0xa5bc0000,0xa5bc0000,0xac880000)
 ParOldGen       total 131328K, used 114097K [0x73540000, 0x7b580000, 0x9dfc0000)
  object space 131328K, 86% used [0x73540000,0x7a4ac590,0x7b580000)
 PSPermGen       total 16384K, used 3811K [0x6f540000, 0x70540000, 0x73540000)
  object space 16384K, 23% used [0x6f540000,0x6f8f8c48,0x70540000)
}
Event: 49,740 GC heap before
{Heap before GC invocations=37 (full 7):
 PSYoungGen      total 227840K, used 85173K [0x9dfc0000, 0xb3540000, 0xb3540000)
  eden space 126976K, 0% used [0x9dfc0000,0x9dfc0000,0xa5bc0000)
  from space 100864K, 84% used [0xad2c0000,0xb25ed668,0xb3540000)
  to   space 111360K, 0% used [0xa5bc0000,0xa5bc0000,0xac880000)
 ParOldGen       total 131328K, used 114097K [0x73540000, 0x7b580000, 0x9dfc0000)
  object space 131328K, 86% used [0x73540000,0x7a4ac590,0x7b580000)
 PSPermGen       total 16384K, used 3811K [0x6f540000, 0x70540000, 0x73540000)
  object space 16384K, 23% used [0x6f540000,0x6f8f8c48,0x70540000)
Event: 52,013 GC heap after
Heap after GC invocations=37 (full 7):
 PSYoungGen      total 227840K, used 61418K [0x9dfc0000, 0xb3540000, 0xb3540000)
  eden space 126976K, 0% used [0x9dfc0000,0x9dfc0000,0xa5bc0000)
  from space 100864K, 60% used [0xad2c0000,0xb0ebabd8,0xb3540000)
  to   space 111360K, 0% used [0xa5bc0000,0xa5bc0000,0xac880000)
 ParOldGen       total 203520K, used 131262K [0x73540000, 0x7fc00000, 0x9dfc0000)
  object space 203520K, 64% used [0x73540000,0x7b56f878,0x7fc00000)
 PSPermGen       total 16384K, used 3809K [0x6f540000, 0x70540000, 0x73540000)
  object space 16384K, 23% used [0x6f540000,0x6f8f84a8,0x70540000)
}
Event: 54,705 GC heap before
{Heap before GC invocations=38 (full 7):
 PSYoungGen      total 227840K, used 188394K [0x9dfc0000, 0xb3540000, 0xb3540000)
  eden space 126976K, 100% used [0x9dfc0000,0xa5bc0000,0xa5bc0000)
  from space 100864K, 60% used [0xad2c0000,0xb0ebabd8,0xb3540000)
  to   space 111360K, 0% used [0xa5bc0000,0xa5bc0000,0xac880000)
 ParOldGen       total 203520K, used 131262K [0x73540000, 0x7fc00000, 0x9dfc0000)
  object space 203520K, 64% used [0x73540000,0x7b56f878,0x7fc00000)
 PSPermGen       total 16384K, used 3811K [0x6f540000, 0x70540000, 0x73540000)
  object space 16384K, 23% used [0x6f540000,0x6f8f8fd8,0x70540000)
Event: 55,106 GC heap after
Heap after GC invocations=38 (full 7):
 PSYoungGen      total 238336K, used 53761K [0x9dfc0000, 0xb3540000, 0xb3540000)
  eden space 126976K, 0% used [0x9dfc0000,0x9dfc0000,0xa5bc0000)
  from space 111360K, 48% used [0xa5bc0000,0xa9040460,0xac880000)
  to   space 108288K, 0% used [0xacb80000,0xacb80000,0xb3540000)
 ParOldGen       total 203520K, used 158559K [0x73540000, 0x7fc00000, 0x9dfc0000)
  object space 203520K, 77% used [0x73540000,0x7d017f10,0x7fc00000)
 PSPermGen       total 16384K, used 3811K [0x6f540000, 0x70540000, 0x73540000)
  object space 16384K, 23% used [0x6f540000,0x6f8f8fd8,0x70540000)
}
Event: 55,757 GC heap before
{Heap before GC invocations=39 (full 7):
 PSYoungGen      total 238336K, used 180737K [0x9dfc0000, 0xb3540000, 0xb3540000)
  eden space 126976K, 100% used [0x9dfc0000,0xa5bc0000,0xa5bc0000)
  from space 111360K, 48% used [0xa5bc0000,0xa9040460,0xac880000)
  to   space 108288K, 0% used [0xacb80000,0xacb80000,0xb3540000)
 ParOldGen       total 203520K, used 158559K [0x73540000, 0x7fc00000, 0x9dfc0000)
  object space 203520K, 77% used [0x73540000,0x7d017f10,0x7fc00000)
 PSPermGen       total 16384K, used 3813K [0x6f540000, 0x70540000, 0x73540000)
  object space 16384K, 23% used [0x6f540000,0x6f8f9650,0x70540000)
Event: 56,021 GC heap after
Heap after GC invocations=39 (full 7):
 PSYoungGen      total 233216K, used 60085K [0x9dfc0000, 0xb3040000, 0xb3540000)
  eden space 130048K, 0% used [0x9dfc0000,0x9dfc0000,0xa5ec0000)
  from space 103168K, 58% used [0xacb80000,0xb062d558,0xb3040000)
  to   space 107264K, 0% used [0xa5ec0000,0xa5ec0000,0xac780000)
 ParOldGen       total 203520K, used 173197K [0x73540000, 0x7fc00000, 0x9dfc0000)
  object space 203520K, 85% used [0x73540000,0x7de63750,0x7fc00000)
 PSPermGen       total 16384K, used 3813K [0x6f540000, 0x70540000, 0x73540000)
  object space 16384K, 23% used [0x6f540000,0x6f8f9650,0x70540000)
}
Event: 56,021 GC heap before
{Heap before GC invocations=40 (full 8):
 PSYoungGen      total 233216K, used 60085K [0x9dfc0000, 0xb3040000, 0xb3540000)
  eden space 130048K, 0% used [0x9dfc0000,0x9dfc0000,0xa5ec0000)
  from space 103168K, 58% used [0xacb80000,0xb062d558,0xb3040000)
  to   space 107264K, 0% used [0xa5ec0000,0xa5ec0000,0xac780000)
 ParOldGen       total 203520K, used 173197K [0x73540000, 0x7fc00000, 0x9dfc0000)
  object space 203520K, 85% used [0x73540000,0x7de63750,0x7fc00000)
 PSPermGen       total 16384K, used 3813K [0x6f540000, 0x70540000, 0x73540000)
  object space 16384K, 23% used [0x6f540000,0x6f8f9650,0x70540000)

