# JRE version: Java(TM) SE Runtime Environment (7.0_67-b01) (build 1.7.0_67-b01)
# Java VM: Java HotSpot(TM) Server VM (24.65-b04 mixed mode linux-x86 )
Heap
 PSYoungGen      total 105728K, used 52728K [0x9dfc0000, 0xa8d00000, 0xb3540000)
  eden space 52992K, 0% used [0x9dfc0000,0x9dfc0000,0xa1380000)
  from space 52736K, 99% used [0xa5980000,0xa8cfe0d0,0xa8d00000)
  to   space 54272K, 0% used [0xa1380000,0xa1380000,0xa4880000)
 ParOldGen       total 92928K, used 47623K [0x73540000, 0x79000000, 0x9dfc0000)
  object space 92928K, 51% used [0x73540000,0x763c1ef8,0x79000000)
 PSPermGen       total 16384K, used 3583K [0x6f540000, 0x70540000, 0x73540000)
  object space 16384K, 21% used [0x6f540000,0x6f8bffa8,0x70540000)
GC Heap History (10 events):
Event: 16,754 GC heap after
Heap after GC invocations=15 (full 3):
 PSYoungGen      total 70656K, used 32764K [0x9dfc0000, 0xa5ac0000, 0xb3540000)
  eden space 37888K, 0% used [0x9dfc0000,0x9dfc0000,0xa04c0000)
  from space 32768K, 99% used [0xa2b80000,0xa4b7f2b8,0xa4b80000)
  to   space 39680K, 0% used [0xa04c0000,0xa04c0000,0xa2b80000)
 ParOldGen       total 57856K, used 27495K [0x73540000, 0x76dc0000, 0x9dfc0000)
  object space 57856K, 47% used [0x73540000,0x75019db8,0x76dc0000)
 PSPermGen       total 16384K, used 3579K [0x6f540000, 0x70540000, 0x73540000)
  object space 16384K, 21% used [0x6f540000,0x6f8bedf8,0x70540000)
}
Event: 16,814 GC heap before
{Heap before GC invocations=16 (full 3):
 PSYoungGen      total 70656K, used 70652K [0x9dfc0000, 0xa5ac0000, 0xb3540000)
  eden space 37888K, 100% used [0x9dfc0000,0xa04c0000,0xa04c0000)
  from space 32768K, 99% used [0xa2b80000,0xa4b7f2b8,0xa4b80000)
  to   space 39680K, 0% used [0xa04c0000,0xa04c0000,0xa2b80000)
 ParOldGen       total 57856K, used 27495K [0x73540000, 0x76dc0000, 0x9dfc0000)
  object space 57856K, 47% used [0x73540000,0x75019db8,0x76dc0000)
 PSPermGen       total 16384K, used 3579K [0x6f540000, 0x70540000, 0x73540000)
  object space 16384K, 21% used [0x6f540000,0x6f8bedf8,0x70540000)
Event: 17,002 GC heap after
Heap after GC invocations=16 (full 3):
 PSYoungGen      total 77568K, used 39666K [0x9dfc0000, 0xa8080000, 0xb3540000)
  eden space 37888K, 0% used [0x9dfc0000,0x9dfc0000,0xa04c0000)
  from space 39680K, 99% used [0xa04c0000,0xa2b7c810,0xa2b80000)
  to   space 55552K, 0% used [0xa4a40000,0xa4a40000,0xa8080000)
 ParOldGen       total 57856K, used 53950K [0x73540000, 0x76dc0000, 0x9dfc0000)
  object space 57856K, 93% used [0x73540000,0x769ef860,0x76dc0000)
 PSPermGen       total 16384K, used 3579K [0x6f540000, 0x70540000, 0x73540000)
  object space 16384K, 21% used [0x6f540000,0x6f8bedf8,0x70540000)
}
Event: 17,003 GC heap before
{Heap before GC invocations=17 (full 4):
 PSYoungGen      total 77568K, used 39666K [0x9dfc0000, 0xa8080000, 0xb3540000)
  eden space 37888K, 0% used [0x9dfc0000,0x9dfc0000,0xa04c0000)
  from space 39680K, 99% used [0xa04c0000,0xa2b7c810,0xa2b80000)
  to   space 55552K, 0% used [0xa4a40000,0xa4a40000,0xa8080000)
 ParOldGen       total 57856K, used 53950K [0x73540000, 0x76dc0000, 0x9dfc0000)
  object space 57856K, 93% used [0x73540000,0x769ef860,0x76dc0000)
 PSPermGen       total 16384K, used 3579K [0x6f540000, 0x70540000, 0x73540000)
  object space 16384K, 21% used [0x6f540000,0x6f8bedf8,0x70540000)
Event: 17,458 GC heap after
Heap after GC invocations=17 (full 4):
 PSYoungGen      total 77568K, used 0K [0x9dfc0000, 0xa8080000, 0xb3540000)
  eden space 37888K, 0% used [0x9dfc0000,0x9dfc0000,0xa04c0000)
  from space 39680K, 0% used [0xa04c0000,0xa04c0000,0xa2b80000)
  to   space 55552K, 0% used [0xa4a40000,0xa4a40000,0xa8080000)
 ParOldGen       total 92928K, used 46000K [0x73540000, 0x79000000, 0x9dfc0000)
  object space 92928K, 49% used [0x73540000,0x7622c238,0x79000000)
 PSPermGen       total 16384K, used 3579K [0x6f540000, 0x70540000, 0x73540000)
  object space 16384K, 21% used [0x6f540000,0x6f8bedf8,0x70540000)
}
Event: 18,038 GC heap before
{Heap before GC invocations=18 (full 4):
 PSYoungGen      total 77568K, used 37888K [0x9dfc0000, 0xa8080000, 0xb3540000)
  eden space 37888K, 100% used [0x9dfc0000,0xa04c0000,0xa04c0000)
  from space 39680K, 0% used [0xa04c0000,0xa04c0000,0xa2b80000)
  to   space 55552K, 0% used [0xa4a40000,0xa4a40000,0xa8080000)
 ParOldGen       total 92928K, used 46000K [0x73540000, 0x79000000, 0x9dfc0000)
  object space 92928K, 49% used [0x73540000,0x7622c238,0x79000000)
 PSPermGen       total 16384K, used 3579K [0x6f540000, 0x70540000, 0x73540000)
  object space 16384K, 21% used [0x6f540000,0x6f8bedf8,0x70540000)
Event: 18,182 GC heap after
Heap after GC invocations=18 (full 4):
 PSYoungGen      total 105472K, used 10032K [0x9dfc0000, 0xa7d80000, 0xb3540000)
  eden space 52992K, 0% used [0x9dfc0000,0x9dfc0000,0xa1380000)
  from space 52480K, 19% used [0xa4a40000,0xa540c218,0xa7d80000)
  to   space 54272K, 0% used [0xa1380000,0xa1380000,0xa4880000)
 ParOldGen       total 92928K, used 46000K [0x73540000, 0x79000000, 0x9dfc0000)
  object space 92928K, 49% used [0x73540000,0x7622c238,0x79000000)
 PSPermGen       total 16384K, used 3579K [0x6f540000, 0x70540000, 0x73540000)
  object space 16384K, 21% used [0x6f540000,0x6f8bedf8,0x70540000)
}
Event: 38,202 GC heap before
{Heap before GC invocations=19 (full 4):
 PSYoungGen      total 105472K, used 63024K [0x9dfc0000, 0xa7d80000, 0xb3540000)
  eden space 52992K, 100% used [0x9dfc0000,0xa1380000,0xa1380000)
  from space 52480K, 19% used [0xa4a40000,0xa540c218,0xa7d80000)
  to   space 54272K, 0% used [0xa1380000,0xa1380000,0xa4880000)
 ParOldGen       total 92928K, used 46000K [0x73540000, 0x79000000, 0x9dfc0000)
  object space 92928K, 49% used [0x73540000,0x7622c238,0x79000000)
 PSPermGen       total 16384K, used 3583K [0x6f540000, 0x70540000, 0x73540000)
  object space 16384K, 21% used [0x6f540000,0x6f8bffa8,0x70540000)
Event: 38,347 GC heap after
Heap after GC invocations=19 (full 4):
 PSYoungGen      total 107264K, used 26029K [0x9dfc0000, 0xa8d00000, 0xb3540000)
  eden space 52992K, 0% used [0x9dfc0000,0x9dfc0000,0xa1380000)
  from space 54272K, 47% used [0xa1380000,0xa2ceb588,0xa4880000)
  to   space 52736K, 0% used [0xa5980000,0xa5980000,0xa8d00000)
 ParOldGen       total 92928K, used 46000K [0x73540000, 0x79000000, 0x9dfc0000)
  object space 92928K, 49% used [0x73540000,0x7622c238,0x79000000)
 PSPermGen       total 16384K, used 3583K [0x6f540000, 0x70540000, 0x73540000)
  object space 16384K, 21% used [0x6f540000,0x6f8bffa8,0x70540000)
}
Event: 45,568 GC heap before
{Heap before GC invocations=20 (full 4):
 PSYoungGen      total 107264K, used 79021K [0x9dfc0000, 0xa8d00000, 0xb3540000)
  eden space 52992K, 100% used [0x9dfc0000,0xa1380000,0xa1380000)
  from space 54272K, 47% used [0xa1380000,0xa2ceb588,0xa4880000)
  to   space 52736K, 0% used [0xa5980000,0xa5980000,0xa8d00000)
 ParOldGen       total 92928K, used 46000K [0x73540000, 0x79000000, 0x9dfc0000)
  object space 92928K, 49% used [0x73540000,0x7622c238,0x79000000)
 PSPermGen       total 16384K, used 3583K [0x6f540000, 0x70540000, 0x73540000)
  object space 16384K, 21% used [0x6f540000,0x6f8bffa8,0x70540000)

